D:\RESEARCH\PROJECTS\GITHUB\VISIONPROJECTS\DENIGHT\DEBUG\DENIGHT.EXE
D:\RESEARCH\PROJECTS\GITHUB\VISIONPROJECTS\DENIGHT\DEBUG\DENIGHT.ILK
D:\RESEARCH\PROJECTS\GITHUB\VISIONPROJECTS\DENIGHT\DEBUG\DENIGHT.PDB
D:\Research\Projects\github\VisionProjects\Denight\Denight\Debug\cl.command.1.tlog
D:\Research\Projects\github\VisionProjects\Denight\Denight\Debug\CL.read.1.tlog
D:\Research\Projects\github\VisionProjects\Denight\Denight\Debug\CL.write.1.tlog
D:\Research\Projects\github\VisionProjects\Denight\Denight\Debug\Denight.exe.embed.manifest
D:\RESEARCH\PROJECTS\GITHUB\VISIONPROJECTS\DENIGHT\DENIGHT\DEBUG\DENIGHT.EXE.EMBED.MANIFEST.RES
D:\RESEARCH\PROJECTS\GITHUB\VISIONPROJECTS\DENIGHT\DENIGHT\DEBUG\DENIGHT.EXE.INTERMEDIATE.MANIFEST
D:\Research\Projects\github\VisionProjects\Denight\Denight\Debug\Denight_manifest.rc
D:\Research\Projects\github\VisionProjects\Denight\Denight\Debug\fft.obj
D:\Research\Projects\github\VisionProjects\Denight\Denight\Debug\link.command.1.tlog
D:\Research\Projects\github\VisionProjects\Denight\Denight\Debug\link.read.1.tlog
D:\Research\Projects\github\VisionProjects\Denight\Denight\Debug\link.write.1.tlog
D:\Research\Projects\github\VisionProjects\Denight\Denight\Debug\link-cvtres.read.1.tlog
D:\Research\Projects\github\VisionProjects\Denight\Denight\Debug\link-cvtres.write.1.tlog
D:\RESEARCH\PROJECTS\GITHUB\VISIONPROJECTS\DENIGHT\DENIGHT\DEBUG\MAIN.OBJ
D:\Research\Projects\github\VisionProjects\Denight\Denight\Debug\mt.command.1.tlog
D:\Research\Projects\github\VisionProjects\Denight\Denight\Debug\mt.read.1.tlog
D:\Research\Projects\github\VisionProjects\Denight\Denight\Debug\mt.write.1.tlog
D:\Research\Projects\github\VisionProjects\Denight\Denight\Debug\rc.command.1.tlog
D:\Research\Projects\github\VisionProjects\Denight\Denight\Debug\rc.read.1.tlog
D:\Research\Projects\github\VisionProjects\Denight\Denight\Debug\rc.write.1.tlog
D:\Research\Projects\github\VisionProjects\Denight\Denight\Debug\vc100.idb
D:\RESEARCH\PROJECTS\GITHUB\VISIONPROJECTS\DENIGHT\DENIGHT\DEBUG\VC100.PDB
D:\Research\Projects\github\VisionProjects\Denight\Denight\Debug\vc90.idb
D:\Research\Projects\github\VisionProjects\Denight\Denight\Debug\vc90.pdb
