Build started 1/17/2013 8:55:26 PM.
     1>Project "D:\Research\Projects\github\VisionProjects\Denight\Denight\Denight.vcxproj" on node 2 (build target(s)).
     1>InitializeBuildStatus:
         Creating "Debug\Denight.unsuccessfulbuild" because "AlwaysCreate" was specified.
       ClCompile:
         c:\Program Files (x86)\Microsoft Visual Studio 10.0\VC\bin\CL.exe /c /ZI /nologo /W3 /WX- /Od /Oy- /D WIN32 /D _DEBUG /D _CONSOLE /D _UNICODE /D UNICODE /Gm /EHsc /RTC1 /MDd /GS /fp:precise /Zc:wchar_t /Zc:forScope /Fo"Debug\\" /Fd"Debug\vc100.pdb" /Gd /TP /analyze- /errorReport:prompt main.cpp
         main.cpp
     1>d:\research\projects\github\visionprojects\denight\denight\main.cpp(43): warning C4244: '=' : conversion from 'double' to 'int', possible loss of data
     1>d:\research\projects\github\visionprojects\denight\denight\main.cpp(202): warning C4244: '=' : conversion from 'double' to 'float', possible loss of data
     1>d:\research\projects\github\visionprojects\denight\denight\main.cpp(281): warning C4244: '=' : conversion from 'double' to 'float', possible loss of data
       ManifestResourceCompile:
         All outputs are up-to-date.
       Link:
         c:\Program Files (x86)\Microsoft Visual Studio 10.0\VC\bin\link.exe /ERRORREPORT:PROMPT /OUT:"D:\Research\Projects\github\VisionProjects\Denight\Debug\Denight.exe" /INCREMENTAL /NOLOGO opencv_core242d.lib opencv_highgui242d.lib opencv_imgproc242d.lib kernel32.lib user32.lib gdi32.lib winspool.lib comdlg32.lib advapi32.lib shell32.lib ole32.lib oleaut32.lib uuid.lib odbc32.lib odbccp32.lib /MANIFEST /ManifestFile:"Debug\Denight.exe.intermediate.manifest" /MANIFESTUAC:"level='asInvoker' uiAccess='false'" /DEBUG /PDB:"D:\Research\Projects\github\VisionProjects\Denight\Debug\Denight.pdb" /SUBSYSTEM:CONSOLE /TLBID:1 /DYNAMICBASE /NXCOMPAT /IMPLIB:"D:\Research\Projects\github\VisionProjects\Denight\Debug\Denight.lib" /MACHINE:X86 Debug\Denight.exe.embed.manifest.res
         Debug\main.obj
       Manifest:
         C:\Program Files (x86)\Microsoft SDKs\Windows\v7.0A\bin\mt.exe /nologo /verbose /out:"Debug\Denight.exe.embed.manifest" /manifest Debug\Denight.exe.intermediate.manifest
         All outputs are up-to-date.
       LinkEmbedManifest:
         All outputs are up-to-date.
         Denight.vcxproj -> D:\Research\Projects\github\VisionProjects\Denight\Debug\Denight.exe
       FinalizeBuildStatus:
         Deleting file "Debug\Denight.unsuccessfulbuild".
         Touching "Debug\Denight.lastbuildstate".
     1>Done Building Project "D:\Research\Projects\github\VisionProjects\Denight\Denight\Denight.vcxproj" (build target(s)).

Build succeeded.

Time Elapsed 00:00:02.73
